<?xml version="1.0" encoding="UTF-8"?>
<!-- Generated by org.testng.reporters.JUnitXMLReporter -->
<testsuite hostname="WIN-R6QNSEN5OV6" name="Test" tests="2" failures="0" timestamp="28 Mar 2019 13:06:45 GMT" time="174.587" errors="0">
  <testcase name="prodEmpLogin" time="135.429" classname="MavenDevautomationtest.MavenDevautomationtest.Devemp_dashboardtest"/>
  <testcase name="prodyarn" time="39.134" classname="MavenDevautomationtest.MavenDevautomationtest.Yarndashboard_test"/>
</testsuite> <!-- Test -->
