<?xml version="1.0" encoding="UTF-8"?>
<!-- Generated by org.testng.reporters.JUnitXMLReporter -->
<testsuite hostname="WIN-R6QNSEN5OV6" name="Test Maven testng" tests="2" failures="0" timestamp="28 Mar 2019 16:42:53 GMT" time="172.03" errors="0">
  <testcase name="prodEmpLogin" time="132.981" classname="MavenProdautomationtest.MavenProdautomationtest.Prodemp_dashboard_test"/>
  <testcase name="prodyarn" time="39.015" classname="MavenProdautomationtest.MavenProdautomationtest.Yarndashboard_test"/>
</testsuite> <!-- Test Maven testng -->
